#
# A fatal error has been detected by the Java Runtime Environment:
#
#  EXCEPTION_ACCESS_VIOLATION (0xc0000005) at pc=0x6d89670b, pid=3540, tid=2836
#
# JRE version: 6.0_17-b04
# Java VM: Java HotSpot(TM) Client VM (14.3-b01 mixed mode windows-x86 )
# Problematic frame:
# V  [jvm.dll+0x9670b]
#
# If you would like to submit a bug report, please visit:
#   http://java.sun.com/webapps/bugreport/crash.jsp
#

---------------  T H R E A D  ---------------

Current thread (0x3383cc00):  ConcurrentGCThread [stack: 0x35700000,0x35800000] [id=2836]

siginfo: ExceptionCode=0xc0000005, reading address 0x00000008

Registers:
EAX=0x257b6bb8, EBX=0x257b5c9c, ECX=0x00000000, EDX=0x00530000
ESP=0x357ff900, EBP=0x357ff90c, ESI=0x357ffa20, EDI=0x357ffa4c
EIP=0x6d89670b, EFLAGS=0x00010246

Top of Stack: (sp=0x357ff900)
0x357ff900:   257b5c9c 257b5b78 257b5bdc 357ff920
0x357ff910:   6d96a613 257b6bb8 357ffa20 357ffa9c
0x357ff920:   357ff93c 6d8922fa 0000004a 357ffa20
0x357ff930:   257ae600 00002800 003ffcb6 357ff960
0x357ff940:   6d8968d2 357ffa20 257ae600 00002800
0x357ff950:   357ffa9c 257b5b78 257ae600 00000000
0x357ff960:   357ff980 6d87dc3d 3381c4bc 257ae600
0x357ff970:   00002800 00002800 0050c238 0000a000 

Instructions: (pc=0x6d89670b)
0x6d8966fb:   89 48 3c 8b 40 38 8b 04 88 eb 02 33 c0 8b 48 04
0x6d89670b:   8b 51 08 83 c1 08 57 50 ff 92 0c 01 00 00 8a 46 


Stack: [0x35700000,0x35800000],  sp=0x357ff900,  free space=1022k
Native frames: (J=compiled Java code, j=interpreted, Vv=VM code, C=native code)
V  [jvm.dll+0x9670b]
V  [jvm.dll+0x16a613]
V  [jvm.dll+0x922fa]
V  [jvm.dll+0x968d2]
V  [jvm.dll+0x7dc3d]
V  [jvm.dll+0x97fef]
V  [jvm.dll+0x992e4]
V  [jvm.dll+0x99b6d]
V  [jvm.dll+0x9a477]
V  [jvm.dll+0x9b72d]
C  [MSVCR71.dll+0x9565]
C  [KERNEL32.DLL+0x4198]
C  [ntdll.dll+0x532b1]
C  [ntdll.dll+0x5327f]


---------------  P R O C E S S  ---------------

Java Threads: ( => current thread )
  0x38a2bc00 JavaThread "Worker-7" [_thread_blocked, id=3252, stack(0x39f40000,0x3a040000)]
  0x38a2b800 JavaThread "Worker-6" [_thread_blocked, id=4680, stack(0x39e40000,0x39f40000)]
  0x38a2ac00 JavaThread "Worker-5" [_thread_blocked, id=5264, stack(0x37340000,0x37440000)]
  0x38a2e400 JavaThread "pool-1-thread-2" [_thread_blocked, id=784, stack(0x39d40000,0x39e40000)]
  0x38a2dc00 JavaThread "pool-1-thread-1" [_thread_blocked, id=3956, stack(0x39c40000,0x39d40000)]
  0x38a2b000 JavaThread "Worker-4" [_thread_blocked, id=5676, stack(0x39b40000,0x39c40000)]
  0x38a2d000 JavaThread "Worker-3" [_thread_in_vm, id=560, stack(0x398c0000,0x399c0000)]
  0x38a2d800 JavaThread "Worker-2" [_thread_blocked, id=5872, stack(0x397c0000,0x398c0000)]
  0x38a2c400 JavaThread "Bundle File Closer" daemon [_thread_blocked, id=224, stack(0x396c0000,0x397c0000)]
  0x36cd5c00 JavaThread "Worker-1" [_thread_blocked, id=4040, stack(0x388c0000,0x389c0000)]
  0x36c85400 JavaThread "Worker-0" [_thread_blocked, id=3160, stack(0x37440000,0x37540000)]
  0x35cab000 JavaThread "Worker-JM" [_thread_blocked, id=5776, stack(0x369a0000,0x36aa0000)]
  0x35c83400 JavaThread "Framework Event Dispatcher" daemon [_thread_blocked, id=2964, stack(0x367a0000,0x368a0000)]
  0x35c8e000 JavaThread "Start Level Event Dispatcher" daemon [_thread_blocked, id=5692, stack(0x366a0000,0x367a0000)]
  0x35c87c00 JavaThread "State Data Manager" daemon [_thread_blocked, id=1360, stack(0x365a0000,0x366a0000)]
  0x35c55000 JavaThread "Framework Active Thread" [_thread_blocked, id=3084, stack(0x364a0000,0x365a0000)]
  0x35b1b400 JavaThread "Low Memory Detector" daemon [_thread_blocked, id=5332, stack(0x36100000,0x36200000)]
  0x35b17000 JavaThread "CompilerThread0" daemon [_thread_blocked, id=1164, stack(0x36000000,0x36100000)]
  0x35b16c00 JavaThread "Attach Listener" daemon [_thread_blocked, id=4740, stack(0x35f00000,0x36000000)]
  0x35b16400 JavaThread "Signal Dispatcher" daemon [_thread_blocked, id=4404, stack(0x35e00000,0x35f00000)]
  0x35b14000 JavaThread "Surrogate Locker Thread (CMS)" daemon [_thread_blocked, id=2828, stack(0x35d00000,0x35e00000)]
  0x338c6c00 JavaThread "Finalizer" daemon [_thread_blocked, id=3612, stack(0x35a00000,0x35b00000)]
  0x338c3000 JavaThread "Reference Handler" daemon [_thread_blocked, id=5376, stack(0x35900000,0x35a00000)]
  0x00508800 JavaThread "main" [_thread_in_native, id=4544, stack(0x00040000,0x00140000)]

Other Threads:
  0x338ba800 VMThread [stack: 0x35800000,0x35900000] [id=2980]
  0x35b2cc00 WatcherThread [stack: 0x36200000,0x36300000] [id=4832]

=>0x3383cc00 (exited) ConcurrentGCThread [stack: 0x35700000,0x35800000] [id=2836]

VM state:not at safepoint (normal execution)

VM Mutex/Monitor currently owned by a thread:  ([mutex/lock_event])
[0x00507d50] Heap_lock - owner thread: 0x38a2d000

Heap
 par new generation   total 14784K, used 7719K [0x037d0000, 0x047d0000, 0x057d0000)
  eden space 13184K,  49% used [0x037d0000, 0x03e27428, 0x044b0000)
  from space 1600K,  76% used [0x044b0000, 0x045e2a50, 0x04640000)
  to   space 1600K,   0% used [0x04640000, 0x04640000, 0x047d0000)
 concurrent mark-sweep generation total 45056K, used 9382K [0x057d0000, 0x083d0000, 0x237d0000)
 concurrent-mark-sweep perm gen total 32912K, used 32615K [0x237d0000, 0x257f4000, 0x337d0000)

Dynamic libraries:
0x00400000 - 0x0040d000 	C:\CooCox\CoIDE\CoIDE.exe
0x77860000 - 0x779c9000 	C:\WINDOWS\SYSTEM32\ntdll.dll
0x77760000 - 0x77860000 	C:\WINDOWS\system32\KERNEL32.DLL
0x751d0000 - 0x752a9000 	C:\WINDOWS\system32\KERNELBASE.dll
0x76180000 - 0x762d5000 	C:\WINDOWS\system32\USER32.dll
0x6ae70000 - 0x6aef9000 	C:\WINDOWS\WinSxS\x86_microsoft.windows.common-controls_6595b64144ccf1df_5.82.9600.17810_none_7c5b6194aa0716f1\COMCTL32.dll
0x75940000 - 0x75a03000 	C:\WINDOWS\system32\MSVCRT.dll
0x75d00000 - 0x75e13000 	C:\WINDOWS\system32\GDI32.dll
0x75c80000 - 0x75cfc000 	C:\WINDOWS\system32\ADVAPI32.dll
0x76070000 - 0x760b1000 	C:\WINDOWS\SYSTEM32\sechost.dll
0x762e0000 - 0x763b0000 	C:\WINDOWS\system32\RPCRT4.dll
0x75790000 - 0x757b6000 	C:\WINDOWS\system32\IMM32.DLL
0x75a30000 - 0x75b42000 	C:\WINDOWS\system32\MSCTF.dll
0x72000000 - 0x7200d000 	C:\CooCox\CoIDE\plugins\org.eclipse.equinox.launcher.win32.win32.x86_1.1.100.v20110502\eclipse_1406.dll
0x706e0000 - 0x706e8000 	C:\WINDOWS\SYSTEM32\VERSION.dll
0x6d800000 - 0x6da8b000 	C:\CooCox\CoIDE\jre\bin\client\jvm.dll
0x72080000 - 0x720a3000 	C:\WINDOWS\SYSTEM32\WINMM.dll
0x7c340000 - 0x7c396000 	C:\CooCox\CoIDE\jre\bin\MSVCR71.dll
0x71b60000 - 0x71b83000 	C:\WINDOWS\SYSTEM32\WINMMBASE.dll
0x75190000 - 0x751cc000 	C:\WINDOWS\SYSTEM32\cfgmgr32.dll
0x741f0000 - 0x74211000 	C:\WINDOWS\SYSTEM32\DEVOBJ.dll
0x73fe0000 - 0x74080000 	C:\WINDOWS\system32\apphelp.dll
0x6d7b0000 - 0x6d7bc000 	C:\CooCox\CoIDE\jre\bin\verify.dll
0x6d330000 - 0x6d34f000 	C:\CooCox\CoIDE\jre\bin\java.dll
0x6d290000 - 0x6d298000 	C:\CooCox\CoIDE\jre\bin\hpi.dll
0x763b0000 - 0x763b6000 	C:\WINDOWS\system32\PSAPI.DLL
0x6d7f0000 - 0x6d7ff000 	C:\CooCox\CoIDE\jre\bin\zip.dll
0x74a60000 - 0x74a79000 	C:\WINDOWS\SYSTEM32\CRYPTSP.dll
0x746f0000 - 0x74720000 	C:\WINDOWS\system32\rsaenh.dll
0x74c50000 - 0x74c70000 	C:\WINDOWS\SYSTEM32\bcrypt.dll
0x74830000 - 0x7484b000 	C:\WINDOWS\SYSTEM32\USERENV.dll
0x75080000 - 0x7508f000 	C:\WINDOWS\SYSTEM32\profapi.dll
0x74f30000 - 0x74f84000 	C:\WINDOWS\system32\bcryptprimitives.dll
0x74f90000 - 0x74f9a000 	C:\WINDOWS\SYSTEM32\CRYPTBASE.dll
0x6d610000 - 0x6d623000 	C:\CooCox\CoIDE\jre\bin\net.dll
0x75520000 - 0x75570000 	C:\WINDOWS\system32\WS2_32.dll
0x75a10000 - 0x75a17000 	C:\WINDOWS\system32\NSI.dll
0x74a10000 - 0x74a5b000 	C:\WINDOWS\system32\mswsock.dll
0x6caf0000 - 0x6cb01000 	C:\WINDOWS\system32\napinsp.dll
0x6cb10000 - 0x6cb26000 	C:\WINDOWS\system32\pnrpnsp.dll
0x72f70000 - 0x72f84000 	C:\WINDOWS\system32\NLAapi.dll
0x74880000 - 0x748fe000 	C:\WINDOWS\SYSTEM32\DNSAPI.dll
0x6d1a0000 - 0x6d1aa000 	C:\WINDOWS\System32\winrnr.dll
0x6dbd0000 - 0x6dbd8000 	C:\Windows\System32\rasadhlp.dll
0x71310000 - 0x71330000 	C:\WINDOWS\SYSTEM32\IPHLPAPI.DLL
0x712f0000 - 0x712f8000 	C:\WINDOWS\SYSTEM32\WINNSI.DLL
0x70e90000 - 0x70ed6000 	C:\WINDOWS\System32\fwpuclnt.dll
0x740b0000 - 0x7419e000 	C:\WINDOWS\system32\uxtheme.dll
0x757c0000 - 0x7593d000 	C:\WINDOWS\SYSTEM32\combase.dll
0x75b50000 - 0x75c79000 	C:\WINDOWS\system32\ole32.dll
0x74230000 - 0x74239000 	C:\WINDOWS\SYSTEM32\kernel.appcore.dll
0x6d630000 - 0x6d639000 	C:\CooCox\CoIDE\jre\bin\nio.dll
0x36300000 - 0x3636e000 	C:\CooCox\CoIDE\configuration\org.eclipse.osgi\bundles\131\1\.cp\swt-win32-3740.dll
0x760c0000 - 0x76155000 	C:\WINDOWS\system32\OLEAUT32.dll
0x75480000 - 0x7551b000 	C:\WINDOWS\system32\comdlg32.dll
0x68f00000 - 0x68f65000 	C:\WINDOWS\SYSTEM32\WINSPOOL.DRV
0x72580000 - 0x72786000 	C:\WINDOWS\WinSxS\x86_microsoft.windows.common-controls_6595b64144ccf1df_6.0.9600.17810_none_a9edf09f013934e0\COMCTL32.dll
0x76420000 - 0x776cc000 	C:\WINDOWS\system32\SHELL32.dll
0x72150000 - 0x72166000 	C:\WINDOWS\SYSTEM32\USP10.dll
0x70310000 - 0x704f4000 	C:\WINDOWS\SYSTEM32\WININET.dll
0x752b0000 - 0x75438000 	C:\WINDOWS\system32\CRYPT32.dll
0x75570000 - 0x755b5000 	C:\WINDOWS\system32\SHLWAPI.dll
0x70030000 - 0x70262000 	C:\WINDOWS\SYSTEM32\iertutil.dll
0x750f0000 - 0x750fe000 	C:\WINDOWS\system32\MSASN1.dll
0x776d0000 - 0x7775b000 	C:\WINDOWS\system32\SHCORE.DLL
0x72de0000 - 0x72dfa000 	C:\WINDOWS\system32\dwmapi.dll
0x71610000 - 0x7174a000 	C:\WINDOWS\SYSTEM32\propsys.dll
0x75e20000 - 0x75ead000 	C:\WINDOWS\SYSTEM32\clbcatq.dll
0x36ee0000 - 0x36efd000 	C:\CooCox\CoIDE\configuration\org.eclipse.osgi\bundles\131\1\.cp\swt-gdip-win32-3740.dll
0x65480000 - 0x655f0000 	C:\WINDOWS\WinSxS\x86_microsoft.windows.gdiplus_6595b64144ccf1df_1.1.9600.17415_none_dad8722c5bcc2d8f\gdiplus.dll
0x71920000 - 0x71a8b000 	C:\WINDOWS\SYSTEM32\WindowsCodecs.dll
0x655f0000 - 0x65888000 	C:\WINDOWS\system32\explorerframe.dll
0x6ba30000 - 0x6baaf000 	C:\WINDOWS\system32\DUser.dll
0x6a040000 - 0x6a1a9000 	C:\WINDOWS\system32\DUI70.dll
0x718b0000 - 0x71900000 	C:\WINDOWS\SYSTEM32\oleacc.dll
0x72880000 - 0x72886000 	C:\WINDOWS\SYSTEM32\msimg32.dll
0x673c0000 - 0x673cc000 	C:\CooCox\CoIDE\bin\jRegistryKey.dll
0x63dc0000 - 0x64a08000 	C:\Windows\System32\ieframe.dll
0x6c2c0000 - 0x6c322000 	C:\Users\Antonio\AppData\Local\Temp\libsqlitejdbc-2845022080089598867.lib
0x70500000 - 0x7064a000 	C:\WINDOWS\SYSTEM32\urlmon.dll
0x74fa0000 - 0x7501e000 	C:\WINDOWS\SYSTEM32\sxs.dll
0x3a610000 - 0x3b90e000 	C:\Windows\System32\mshtml.dll
0x6ebd0000 - 0x6ebda000 	C:\WINDOWS\SYSTEM32\Secur32.dll
0x74ef0000 - 0x74f14000 	C:\WINDOWS\SYSTEM32\SSPICLI.DLL
0x73910000 - 0x7391e000 	C:\WINDOWS\system32\msimtf.dll
0x75030000 - 0x75070000 	C:\WINDOWS\SYSTEM32\powrprof.dll
0x735b0000 - 0x73619000 	C:\WINDOWS\SYSTEM32\dxgi.dll
0x72ee0000 - 0x72f13000 	C:\WINDOWS\SYSTEM32\MLANG.dll
0x73820000 - 0x7382a000 	C:\WINDOWS\SYSTEM32\ondemandconnroutehelper.dll
0x70270000 - 0x7030f000 	C:\WINDOWS\SYSTEM32\winhttp.dll
0x6efd0000 - 0x6f0cd000 	C:\Windows\System32\uiautomationcore.dll

VM Arguments:
jvm_args: -Xms60m -Xmx512m -XX:+UseConcMarkSweepGC -XX:+CMSClassUnloadingEnabled -XX:MaxPermSize=256M 
java_command: <unknown>
Launcher Type: generic

Environment Variables:
PATH=C:/CooCox/CoIDE/jre/bin/client;C:/CooCox/CoIDE/jre/bin;C:/CooCox/CoIDE/jre/lib/i386;C:\ProgramData\Oracle\Java\javapath;C:\WINDOWS\system32;C:\WINDOWS;C:\WINDOWS\System32\Wbem;C:\WINDOWS\System32\WindowsPowerShell\v1.0\;C:\CooCox\CoIDE\gcc\bin;C:/MinGW/bin;C:\Program Files\TortoiseSVN\bin;C:\Program Files\Skype\Phone\;C:\Users\Antonio\Desktop\JSON 3.3;
USERNAME=Antonio
OS=Windows_NT
PROCESSOR_IDENTIFIER=x86 Family 6 Model 37 Stepping 2, GenuineIntel



---------------  S Y S T E M  ---------------

OS: Windows NT 6.2 Build 9200 

CPU:total 2 (8 cores per cpu, 2 threads per core) family 6 model 37 stepping 2, cmov, cx8, fxsr, mmx, sse, sse2, sse3, ssse3, ht

Memory: 4k page, physical 2097151k(734400k free), swap 4064812k(608076k free)

vm_info: Java HotSpot(TM) Client VM (14.3-b01) for windows-x86 JRE (1.6.0_17-b04), built on Oct 11 2009 00:52:06 by "java_re" with MS VC++ 7.1

time: Sat Jul 18 00:05:13 2015
elapsed time: 10 seconds

